Set parameter TokenServer to value "license8.clemson.edu"
Set parameter IntegralityFocus to value 1
Set parameter TimeLimit to value 7200
Set parameter IntegralityFocus to value 1
Set parameter TimeLimit to value 7200
Set parameter IntegralityFocus to value 1
Set parameter TimeLimit to value 7200
Set parameter IntegralityFocus to value 1
Set parameter TimeLimit to value 7200

Optimistic Biobjective: Victims vs Traffickers 


Net = 1, Budget = 64, Rate = 0.1


Can Only Remove Victims!

Only 1 PF Point:
PF Point (Victims, Traffickers) = (17, 17)

Set parameter IntegralityFocus to value 1
Set parameter TimeLimit to value 7200
Set parameter IntegralityFocus to value 1
Set parameter TimeLimit to value 7200
Set parameter IntegralityFocus to value 1
Set parameter TimeLimit to value 7200
Set parameter IntegralityFocus to value 1
Set parameter TimeLimit to value 7200

Optimistic Biobjective: Victims vs Traffickers 


Net = 1, Budget = 64, Rate = 0.4


Can Only Remove Victims!

Only 1 PF Point:
PF Point (Victims, Traffickers) = (42, 17)

Set parameter IntegralityFocus to value 1
Set parameter TimeLimit to value 7200
Set parameter IntegralityFocus to value 1
Set parameter TimeLimit to value 7200
Set parameter IntegralityFocus to value 1
Set parameter TimeLimit to value 7200
Set parameter IntegralityFocus to value 1
Set parameter TimeLimit to value 7200

Optimistic Biobjective: Victims vs Traffickers 


Net = 1, Budget = 64, Rate = 0.7


Can Only Remove Victims!

Only 1 PF Point:
PF Point (Victims, Traffickers) = (67, 17)

Set parameter IntegralityFocus to value 1
Set parameter TimeLimit to value 7200
Set parameter IntegralityFocus to value 1
Set parameter TimeLimit to value 7200
Set parameter IntegralityFocus to value 1
Set parameter TimeLimit to value 7200
Set parameter IntegralityFocus to value 1
Set parameter TimeLimit to value 7200

Optimistic Biobjective: Victims vs Traffickers 


Net = 1, Budget = 64, Rate = 1


Can Only Remove Victims!

Only 1 PF Point:
PF Point (Victims, Traffickers) = (88, 17)

Set parameter IntegralityFocus to value 1
Set parameter TimeLimit to value 7200
Set parameter IntegralityFocus to value 1
Set parameter TimeLimit to value 7200
Set parameter IntegralityFocus to value 1
Set parameter TimeLimit to value 7200
Set parameter IntegralityFocus to value 1
Set parameter TimeLimit to value 7200

Optimistic Biobjective: Victims vs Traffickers 


Net = 1, Budget = 72, Rate = 0.1


Can Only Remove Victims!

Only 1 PF Point:
PF Point (Victims, Traffickers) = (17, 17)

Set parameter IntegralityFocus to value 1
Set parameter TimeLimit to value 7200
Set parameter IntegralityFocus to value 1
Set parameter TimeLimit to value 7200
Set parameter IntegralityFocus to value 1
Set parameter TimeLimit to value 7200
Set parameter IntegralityFocus to value 1
Set parameter TimeLimit to value 7200

Optimistic Biobjective: Victims vs Traffickers 


Net = 1, Budget = 72, Rate = 0.4


Can Only Remove Victims!

Only 1 PF Point:
PF Point (Victims, Traffickers) = (40, 17)

Set parameter IntegralityFocus to value 1
Set parameter TimeLimit to value 7200
Set parameter IntegralityFocus to value 1
Set parameter TimeLimit to value 7200
Set parameter IntegralityFocus to value 1
Set parameter TimeLimit to value 7200
Set parameter IntegralityFocus to value 1
Set parameter TimeLimit to value 7200

Optimistic Biobjective: Victims vs Traffickers 


Net = 1, Budget = 72, Rate = 0.7


Can Only Remove Victims!

Only 1 PF Point:
PF Point (Victims, Traffickers) = (64, 17)

Set parameter IntegralityFocus to value 1
Set parameter TimeLimit to value 7200
Set parameter IntegralityFocus to value 1
Set parameter TimeLimit to value 7200
Set parameter IntegralityFocus to value 1
Set parameter TimeLimit to value 7200
Set parameter IntegralityFocus to value 1
Set parameter TimeLimit to value 7200

Optimistic Biobjective: Victims vs Traffickers 


Net = 1, Budget = 72, Rate = 1


Can Only Remove Victims!

Only 1 PF Point:
PF Point (Victims, Traffickers) = (84, 17)

Set parameter IntegralityFocus to value 1
Set parameter TimeLimit to value 7200
Set parameter IntegralityFocus to value 1
Set parameter TimeLimit to value 7200
Set parameter IntegralityFocus to value 1
Set parameter TimeLimit to value 7200
Set parameter IntegralityFocus to value 1
Set parameter TimeLimit to value 7200

Optimistic Biobjective: Victims vs Traffickers 


Net = 1, Budget = 80, Rate = 0.1


Can Only Remove Victims!

Only 1 PF Point:
PF Point (Victims, Traffickers) = (17, 17)

Set parameter IntegralityFocus to value 1
Set parameter TimeLimit to value 7200
Set parameter IntegralityFocus to value 1
Set parameter TimeLimit to value 7200
Set parameter IntegralityFocus to value 1
Set parameter TimeLimit to value 7200
Set parameter IntegralityFocus to value 1
Set parameter TimeLimit to value 7200

Optimistic Biobjective: Victims vs Traffickers 


Net = 1, Budget = 80, Rate = 0.4


Can Only Remove Victims!

Only 1 PF Point:
PF Point (Victims, Traffickers) = (39, 17)

Set parameter IntegralityFocus to value 1
Set parameter TimeLimit to value 7200
Set parameter IntegralityFocus to value 1
Set parameter TimeLimit to value 7200
Set parameter IntegralityFocus to value 1
Set parameter TimeLimit to value 7200
Set parameter IntegralityFocus to value 1
Set parameter TimeLimit to value 7200

Optimistic Biobjective: Victims vs Traffickers 


Net = 1, Budget = 80, Rate = 0.7


Can Only Remove Victims!

Only 1 PF Point:
PF Point (Victims, Traffickers) = (61, 17)

Set parameter IntegralityFocus to value 1
Set parameter TimeLimit to value 7200
Set parameter IntegralityFocus to value 1
Set parameter TimeLimit to value 7200
Set parameter IntegralityFocus to value 1
Set parameter TimeLimit to value 7200
Set parameter IntegralityFocus to value 1
Set parameter TimeLimit to value 7200

Optimistic Biobjective: Victims vs Traffickers 


Net = 1, Budget = 80, Rate = 1


Can Only Remove Victims!

Only 1 PF Point:
PF Point (Victims, Traffickers) = (80, 17)

Set parameter IntegralityFocus to value 1
Set parameter TimeLimit to value 7200
Set parameter IntegralityFocus to value 1
Set parameter TimeLimit to value 7200
Set parameter IntegralityFocus to value 1
Set parameter TimeLimit to value 7200
Set parameter IntegralityFocus to value 1
Set parameter TimeLimit to value 7200

Optimistic Biobjective: Victims vs Traffickers 


Net = 1, Budget = 88, Rate = 0.1


Can Only Remove Victims!

Only 1 PF Point:
PF Point (Victims, Traffickers) = (17, 17)

Set parameter IntegralityFocus to value 1
Set parameter TimeLimit to value 7200
Set parameter IntegralityFocus to value 1
Set parameter TimeLimit to value 7200
Set parameter IntegralityFocus to value 1
Set parameter TimeLimit to value 7200
Set parameter IntegralityFocus to value 1
Set parameter TimeLimit to value 7200

Optimistic Biobjective: Victims vs Traffickers 


Net = 1, Budget = 88, Rate = 0.4


Can Only Remove Victims!

Only 1 PF Point:
PF Point (Victims, Traffickers) = (37, 17)

Set parameter IntegralityFocus to value 1
Set parameter TimeLimit to value 7200
Set parameter IntegralityFocus to value 1
Set parameter TimeLimit to value 7200
Set parameter IntegralityFocus to value 1
Set parameter TimeLimit to value 7200
Set parameter IntegralityFocus to value 1
Set parameter TimeLimit to value 7200

Optimistic Biobjective: Victims vs Traffickers 


Net = 1, Budget = 88, Rate = 0.7


Can Only Remove Victims!

Only 1 PF Point:
PF Point (Victims, Traffickers) = (58, 17)

Set parameter IntegralityFocus to value 1
Set parameter TimeLimit to value 7200
Set parameter IntegralityFocus to value 1
Set parameter TimeLimit to value 7200
Set parameter IntegralityFocus to value 1
Set parameter TimeLimit to value 7200
Set parameter IntegralityFocus to value 1
Set parameter TimeLimit to value 7200

Optimistic Biobjective: Victims vs Traffickers 


Net = 1, Budget = 88, Rate = 1


Can Only Remove Victims!

Only 1 PF Point:
PF Point (Victims, Traffickers) = (76, 17)

Set parameter IntegralityFocus to value 1
Set parameter TimeLimit to value 7200
Set parameter IntegralityFocus to value 1
Set parameter TimeLimit to value 7200
Set parameter IntegralityFocus to value 1
Set parameter TimeLimit to value 7200
Set parameter IntegralityFocus to value 1
Set parameter TimeLimit to value 7200

Optimistic Biobjective: Victims vs Traffickers 


Net = 1, Budget = 96, Rate = 0.1


Can Only Remove Victims!

Only 1 PF Point:
PF Point (Victims, Traffickers) = (17, 17)

Set parameter IntegralityFocus to value 1
Set parameter TimeLimit to value 7200
Set parameter IntegralityFocus to value 1
Set parameter TimeLimit to value 7200
Set parameter IntegralityFocus to value 1
Set parameter TimeLimit to value 7200
Set parameter IntegralityFocus to value 1
Set parameter TimeLimit to value 7200

Optimistic Biobjective: Victims vs Traffickers 


Net = 1, Budget = 96, Rate = 0.4


Can Only Remove Victims!

Only 1 PF Point:
PF Point (Victims, Traffickers) = (36, 17)

Set parameter IntegralityFocus to value 1
Set parameter TimeLimit to value 7200
Set parameter IntegralityFocus to value 1
Set parameter TimeLimit to value 7200
Set parameter IntegralityFocus to value 1
Set parameter TimeLimit to value 7200
Set parameter IntegralityFocus to value 1
Set parameter TimeLimit to value 7200

Optimistic Biobjective: Victims vs Traffickers 


Net = 1, Budget = 96, Rate = 0.7


Can Only Remove Victims!

Only 1 PF Point:
PF Point (Victims, Traffickers) = (55, 17)

Set parameter IntegralityFocus to value 1
Set parameter TimeLimit to value 7200
Set parameter IntegralityFocus to value 1
Set parameter TimeLimit to value 7200
Set parameter IntegralityFocus to value 1
Set parameter TimeLimit to value 7200
Set parameter IntegralityFocus to value 1
Set parameter TimeLimit to value 7200

Optimistic Biobjective: Victims vs Traffickers 


Net = 1, Budget = 96, Rate = 1


Can Only Remove Victims!

Only 1 PF Point:
PF Point (Victims, Traffickers) = (72, 17)

