Set parameter TokenServer to value "license8.clemson.edu"
Set parameter IntegralityFocus to value 1
Set parameter TimeLimit to value 7200
Set parameter IntegralityFocus to value 1
Set parameter TimeLimit to value 7200
Set parameter IntegralityFocus to value 1
Set parameter TimeLimit to value 7200
Set parameter IntegralityFocus to value 1
Set parameter TimeLimit to value 7200

Optimistic Biobjective: Victims vs Traffickers 


Net = 1, Budget = 64, Rate = 0.1


Can Only Remove Traffickers!

Only 1 PF Point:
PF Point (Victims, Traffickers) = (12, 12)

Set parameter IntegralityFocus to value 1
Set parameter TimeLimit to value 7200
Set parameter IntegralityFocus to value 1
Set parameter TimeLimit to value 7200
Set parameter IntegralityFocus to value 1
Set parameter TimeLimit to value 7200
Set parameter IntegralityFocus to value 1
Set parameter TimeLimit to value 7200

Optimistic Biobjective: Victims vs Traffickers 


Net = 1, Budget = 64, Rate = 0.4


Can Only Remove Traffickers!

Only 1 PF Point:
PF Point (Victims, Traffickers) = (27, 12)

Set parameter IntegralityFocus to value 1
Set parameter TimeLimit to value 7200
Set parameter IntegralityFocus to value 1
Set parameter TimeLimit to value 7200
Set parameter IntegralityFocus to value 1
Set parameter TimeLimit to value 7200
Set parameter IntegralityFocus to value 1
Set parameter TimeLimit to value 7200

Optimistic Biobjective: Victims vs Traffickers 


Net = 1, Budget = 64, Rate = 0.7


Can Only Remove Traffickers!

Only 1 PF Point:
PF Point (Victims, Traffickers) = (45, 12)

Set parameter IntegralityFocus to value 1
Set parameter TimeLimit to value 7200
Set parameter IntegralityFocus to value 1
Set parameter TimeLimit to value 7200
Set parameter IntegralityFocus to value 1
Set parameter TimeLimit to value 7200
Set parameter IntegralityFocus to value 1
Set parameter TimeLimit to value 7200

Optimistic Biobjective: Victims vs Traffickers 


Net = 1, Budget = 64, Rate = 1


Can Only Remove Traffickers!

Only 1 PF Point:
PF Point (Victims, Traffickers) = (53, 12)

Set parameter IntegralityFocus to value 1
Set parameter TimeLimit to value 7200
Set parameter IntegralityFocus to value 1
Set parameter TimeLimit to value 7200
Set parameter IntegralityFocus to value 1
Set parameter TimeLimit to value 7200
Set parameter IntegralityFocus to value 1
Set parameter TimeLimit to value 7200

Optimistic Biobjective: Victims vs Traffickers 


Net = 1, Budget = 72, Rate = 0.1


Can Only Remove Traffickers!

Only 1 PF Point:
PF Point (Victims, Traffickers) = (11, 11)

Set parameter IntegralityFocus to value 1
Set parameter TimeLimit to value 7200
Set parameter IntegralityFocus to value 1
Set parameter TimeLimit to value 7200
Set parameter IntegralityFocus to value 1
Set parameter TimeLimit to value 7200
Set parameter IntegralityFocus to value 1
Set parameter TimeLimit to value 7200

Optimistic Biobjective: Victims vs Traffickers 


Net = 1, Budget = 72, Rate = 0.4


Can Only Remove Traffickers!

Only 1 PF Point:
PF Point (Victims, Traffickers) = (24, 11)

Set parameter IntegralityFocus to value 1
Set parameter TimeLimit to value 7200
Set parameter IntegralityFocus to value 1
Set parameter TimeLimit to value 7200
Set parameter IntegralityFocus to value 1
Set parameter TimeLimit to value 7200
Set parameter IntegralityFocus to value 1
Set parameter TimeLimit to value 7200

Optimistic Biobjective: Victims vs Traffickers 


Net = 1, Budget = 72, Rate = 0.7


Can Only Remove Traffickers!

Only 1 PF Point:
PF Point (Victims, Traffickers) = (40, 11)

Set parameter IntegralityFocus to value 1
Set parameter TimeLimit to value 7200
Set parameter IntegralityFocus to value 1
Set parameter TimeLimit to value 7200
Set parameter IntegralityFocus to value 1
Set parameter TimeLimit to value 7200
Set parameter IntegralityFocus to value 1
Set parameter TimeLimit to value 7200

Optimistic Biobjective: Victims vs Traffickers 


Net = 1, Budget = 72, Rate = 1


Can Only Remove Traffickers!

Only 1 PF Point:
PF Point (Victims, Traffickers) = (47, 11)

Set parameter IntegralityFocus to value 1
Set parameter TimeLimit to value 7200
Set parameter IntegralityFocus to value 1
Set parameter TimeLimit to value 7200
Set parameter IntegralityFocus to value 1
Set parameter TimeLimit to value 7200
Set parameter IntegralityFocus to value 1
Set parameter TimeLimit to value 7200

Optimistic Biobjective: Victims vs Traffickers 


Net = 1, Budget = 80, Rate = 0.1


Can Only Remove Traffickers!

Only 1 PF Point:
PF Point (Victims, Traffickers) = (10, 10)

Set parameter IntegralityFocus to value 1
Set parameter TimeLimit to value 7200
Set parameter IntegralityFocus to value 1
Set parameter TimeLimit to value 7200
Set parameter IntegralityFocus to value 1
Set parameter TimeLimit to value 7200
Set parameter IntegralityFocus to value 1
Set parameter TimeLimit to value 7200

Optimistic Biobjective: Victims vs Traffickers 


Net = 1, Budget = 80, Rate = 0.4


Can Only Remove Traffickers!

Only 1 PF Point:
PF Point (Victims, Traffickers) = (21, 10)

Set parameter IntegralityFocus to value 1
Set parameter TimeLimit to value 7200
Set parameter IntegralityFocus to value 1
Set parameter TimeLimit to value 7200
Set parameter IntegralityFocus to value 1
Set parameter TimeLimit to value 7200
Set parameter IntegralityFocus to value 1
Set parameter TimeLimit to value 7200

Optimistic Biobjective: Victims vs Traffickers 


Net = 1, Budget = 80, Rate = 0.7


Can Only Remove Traffickers!

Only 1 PF Point:
PF Point (Victims, Traffickers) = (35, 10)

Set parameter IntegralityFocus to value 1
Set parameter TimeLimit to value 7200
Set parameter IntegralityFocus to value 1
Set parameter TimeLimit to value 7200
Set parameter IntegralityFocus to value 1
Set parameter TimeLimit to value 7200
Set parameter IntegralityFocus to value 1
Set parameter TimeLimit to value 7200

Optimistic Biobjective: Victims vs Traffickers 


Net = 1, Budget = 80, Rate = 1


Can Only Remove Traffickers!

Only 1 PF Point:
PF Point (Victims, Traffickers) = (41, 10)

Set parameter IntegralityFocus to value 1
Set parameter TimeLimit to value 7200
Set parameter IntegralityFocus to value 1
Set parameter TimeLimit to value 7200
Set parameter IntegralityFocus to value 1
Set parameter TimeLimit to value 7200
Set parameter IntegralityFocus to value 1
Set parameter TimeLimit to value 7200

Optimistic Biobjective: Victims vs Traffickers 


Net = 1, Budget = 88, Rate = 0.1


Can Only Remove Traffickers!

Only 1 PF Point:
PF Point (Victims, Traffickers) = (9, 9)

Set parameter IntegralityFocus to value 1
Set parameter TimeLimit to value 7200
Set parameter IntegralityFocus to value 1
Set parameter TimeLimit to value 7200
Set parameter IntegralityFocus to value 1
Set parameter TimeLimit to value 7200
Set parameter IntegralityFocus to value 1
Set parameter TimeLimit to value 7200

Optimistic Biobjective: Victims vs Traffickers 


Net = 1, Budget = 88, Rate = 0.4


Can Only Remove Traffickers!

Only 1 PF Point:
PF Point (Victims, Traffickers) = (18, 9)

Set parameter IntegralityFocus to value 1
Set parameter TimeLimit to value 7200
Set parameter IntegralityFocus to value 1
Set parameter TimeLimit to value 7200
Set parameter IntegralityFocus to value 1
Set parameter TimeLimit to value 7200
Set parameter IntegralityFocus to value 1
Set parameter TimeLimit to value 7200

Optimistic Biobjective: Victims vs Traffickers 


Net = 1, Budget = 88, Rate = 0.7


Can Only Remove Traffickers!

Only 1 PF Point:
PF Point (Victims, Traffickers) = (30, 9)

Set parameter IntegralityFocus to value 1
Set parameter TimeLimit to value 7200
Set parameter IntegralityFocus to value 1
Set parameter TimeLimit to value 7200
Set parameter IntegralityFocus to value 1
Set parameter TimeLimit to value 7200
Set parameter IntegralityFocus to value 1
Set parameter TimeLimit to value 7200

Optimistic Biobjective: Victims vs Traffickers 


Net = 1, Budget = 88, Rate = 1


Can Only Remove Traffickers!

Only 1 PF Point:
PF Point (Victims, Traffickers) = (35, 9)

Set parameter IntegralityFocus to value 1
Set parameter TimeLimit to value 7200
Set parameter IntegralityFocus to value 1
Set parameter TimeLimit to value 7200
Set parameter IntegralityFocus to value 1
Set parameter TimeLimit to value 7200
Set parameter IntegralityFocus to value 1
Set parameter TimeLimit to value 7200

Optimistic Biobjective: Victims vs Traffickers 


Net = 1, Budget = 96, Rate = 0.1


Can Only Remove Traffickers!

Only 1 PF Point:
PF Point (Victims, Traffickers) = (8, 8)

Set parameter IntegralityFocus to value 1
Set parameter TimeLimit to value 7200
Set parameter IntegralityFocus to value 1
Set parameter TimeLimit to value 7200
Set parameter IntegralityFocus to value 1
Set parameter TimeLimit to value 7200
Set parameter IntegralityFocus to value 1
Set parameter TimeLimit to value 7200

Optimistic Biobjective: Victims vs Traffickers 


Net = 1, Budget = 96, Rate = 0.4


Can Only Remove Traffickers!

Only 1 PF Point:
PF Point (Victims, Traffickers) = (15, 8)

Set parameter IntegralityFocus to value 1
Set parameter TimeLimit to value 7200
Set parameter IntegralityFocus to value 1
Set parameter TimeLimit to value 7200
Set parameter IntegralityFocus to value 1
Set parameter TimeLimit to value 7200
Set parameter IntegralityFocus to value 1
Set parameter TimeLimit to value 7200

Optimistic Biobjective: Victims vs Traffickers 


Net = 1, Budget = 96, Rate = 0.7


Can Only Remove Traffickers!

Only 1 PF Point:
PF Point (Victims, Traffickers) = (25, 8)

Set parameter IntegralityFocus to value 1
Set parameter TimeLimit to value 7200
Set parameter IntegralityFocus to value 1
Set parameter TimeLimit to value 7200
Set parameter IntegralityFocus to value 1
Set parameter TimeLimit to value 7200
Set parameter IntegralityFocus to value 1
Set parameter TimeLimit to value 7200

Optimistic Biobjective: Victims vs Traffickers 


Net = 1, Budget = 96, Rate = 1


Can Only Remove Traffickers!

Only 1 PF Point:
PF Point (Victims, Traffickers) = (29, 8)

