Set parameter TokenServer to value "license8.clemson.edu"
Set parameter IntegralityFocus to value 1
Set parameter TimeLimit to value 7200
Set parameter IntegralityFocus to value 1
Set parameter IntegralityFocus to value 1
Set parameter IntegralityFocus to value 1
Set parameter IntegralityFocus to value 1
Set parameter IntegralityFocus to value 1

Net = 1, Budget = 64, Rate = 0.1


Can only remove Victims!

Only 1 PF Point:
PF Point (Opt, Pes) = (17, 88)

Set parameter IntegralityFocus to value 1
Set parameter TimeLimit to value 7200
Set parameter IntegralityFocus to value 1
Set parameter IntegralityFocus to value 1
Set parameter IntegralityFocus to value 1
Set parameter IntegralityFocus to value 1
Set parameter IntegralityFocus to value 1

Net = 1, Budget = 64, Rate = 0.4


Can only remove Victims!

Only 1 PF Point:
PF Point (Opt, Pes) = (42, 88)

Set parameter IntegralityFocus to value 1
Set parameter TimeLimit to value 7200
Set parameter IntegralityFocus to value 1
Set parameter IntegralityFocus to value 1
Set parameter IntegralityFocus to value 1
Set parameter IntegralityFocus to value 1
Set parameter IntegralityFocus to value 1

Net = 1, Budget = 64, Rate = 0.7


Can only remove Victims!

Only 1 PF Point:
PF Point (Opt, Pes) = (67, 88)

Set parameter IntegralityFocus to value 1
Set parameter TimeLimit to value 7200
Set parameter IntegralityFocus to value 1
Set parameter IntegralityFocus to value 1
Set parameter IntegralityFocus to value 1
Set parameter IntegralityFocus to value 1
Set parameter IntegralityFocus to value 1

Net = 1, Budget = 64, Rate = 1


Can only remove Victims!

Only 1 PF Point:
PF Point (Opt, Pes) = (88, 88)

Set parameter IntegralityFocus to value 1
Set parameter TimeLimit to value 7200
Set parameter IntegralityFocus to value 1
Set parameter IntegralityFocus to value 1
Set parameter IntegralityFocus to value 1
Set parameter IntegralityFocus to value 1
Set parameter IntegralityFocus to value 1

Net = 1, Budget = 72, Rate = 0.1


Can only remove Victims!

Only 1 PF Point:
PF Point (Opt, Pes) = (17, 84)

Set parameter IntegralityFocus to value 1
Set parameter TimeLimit to value 7200
Set parameter IntegralityFocus to value 1
Set parameter IntegralityFocus to value 1
Set parameter IntegralityFocus to value 1
Set parameter IntegralityFocus to value 1
Set parameter IntegralityFocus to value 1

Net = 1, Budget = 72, Rate = 0.4


Can only remove Victims!

Only 1 PF Point:
PF Point (Opt, Pes) = (40, 84)

Set parameter IntegralityFocus to value 1
Set parameter TimeLimit to value 7200
Set parameter IntegralityFocus to value 1
Set parameter IntegralityFocus to value 1
Set parameter IntegralityFocus to value 1
Set parameter IntegralityFocus to value 1
Set parameter IntegralityFocus to value 1

Net = 1, Budget = 72, Rate = 0.7


Can only remove Victims!

Only 1 PF Point:
PF Point (Opt, Pes) = (64, 84)

Set parameter IntegralityFocus to value 1
Set parameter TimeLimit to value 7200
Set parameter IntegralityFocus to value 1
Set parameter IntegralityFocus to value 1
Set parameter IntegralityFocus to value 1
Set parameter IntegralityFocus to value 1
Set parameter IntegralityFocus to value 1

Net = 1, Budget = 72, Rate = 1


Can only remove Victims!

Only 1 PF Point:
PF Point (Opt, Pes) = (84, 84)

Set parameter IntegralityFocus to value 1
Set parameter TimeLimit to value 7200
Set parameter IntegralityFocus to value 1
Set parameter IntegralityFocus to value 1
Set parameter IntegralityFocus to value 1
Set parameter IntegralityFocus to value 1
Set parameter IntegralityFocus to value 1

Net = 1, Budget = 80, Rate = 0.1


Can only remove Victims!

Only 1 PF Point:
PF Point (Opt, Pes) = (17, 80)

Set parameter IntegralityFocus to value 1
Set parameter TimeLimit to value 7200
Set parameter IntegralityFocus to value 1
Set parameter IntegralityFocus to value 1
Set parameter IntegralityFocus to value 1
Set parameter IntegralityFocus to value 1
Set parameter IntegralityFocus to value 1

Net = 1, Budget = 80, Rate = 0.4


Can only remove Victims!

Only 1 PF Point:
PF Point (Opt, Pes) = (39, 80)

Set parameter IntegralityFocus to value 1
Set parameter TimeLimit to value 7200
Set parameter IntegralityFocus to value 1
Set parameter IntegralityFocus to value 1
Set parameter IntegralityFocus to value 1
Set parameter IntegralityFocus to value 1
Set parameter IntegralityFocus to value 1

Net = 1, Budget = 80, Rate = 0.7


Can only remove Victims!

Only 1 PF Point:
PF Point (Opt, Pes) = (61, 80)

Set parameter IntegralityFocus to value 1
Set parameter TimeLimit to value 7200
Set parameter IntegralityFocus to value 1
Set parameter IntegralityFocus to value 1
Set parameter IntegralityFocus to value 1
Set parameter IntegralityFocus to value 1
Set parameter IntegralityFocus to value 1

Net = 1, Budget = 80, Rate = 1


Can only remove Victims!

Only 1 PF Point:
PF Point (Opt, Pes) = (80, 80)

Set parameter IntegralityFocus to value 1
Set parameter TimeLimit to value 7200
Set parameter IntegralityFocus to value 1
Set parameter IntegralityFocus to value 1
Set parameter IntegralityFocus to value 1
Set parameter IntegralityFocus to value 1
Set parameter IntegralityFocus to value 1

Net = 1, Budget = 88, Rate = 0.1


Can only remove Victims!

Only 1 PF Point:
PF Point (Opt, Pes) = (17, 76)

Set parameter IntegralityFocus to value 1
Set parameter TimeLimit to value 7200
Set parameter IntegralityFocus to value 1
Set parameter IntegralityFocus to value 1
Set parameter IntegralityFocus to value 1
Set parameter IntegralityFocus to value 1
Set parameter IntegralityFocus to value 1

Net = 1, Budget = 88, Rate = 0.4


Can only remove Victims!

Only 1 PF Point:
PF Point (Opt, Pes) = (37, 76)

Set parameter IntegralityFocus to value 1
Set parameter TimeLimit to value 7200
Set parameter IntegralityFocus to value 1
Set parameter IntegralityFocus to value 1
Set parameter IntegralityFocus to value 1
Set parameter IntegralityFocus to value 1
Set parameter IntegralityFocus to value 1

Net = 1, Budget = 88, Rate = 0.7


Can only remove Victims!

Only 1 PF Point:
PF Point (Opt, Pes) = (58, 76)

Set parameter IntegralityFocus to value 1
Set parameter TimeLimit to value 7200
Set parameter IntegralityFocus to value 1
Set parameter IntegralityFocus to value 1
Set parameter IntegralityFocus to value 1
Set parameter IntegralityFocus to value 1
Set parameter IntegralityFocus to value 1

Net = 1, Budget = 88, Rate = 1


Can only remove Victims!

Only 1 PF Point:
PF Point (Opt, Pes) = (76, 76)

Set parameter IntegralityFocus to value 1
Set parameter TimeLimit to value 7200
Set parameter IntegralityFocus to value 1
Set parameter IntegralityFocus to value 1
Set parameter IntegralityFocus to value 1
Set parameter IntegralityFocus to value 1
Set parameter IntegralityFocus to value 1

Net = 1, Budget = 96, Rate = 0.1


Can only remove Victims!

Only 1 PF Point:
PF Point (Opt, Pes) = (17, 72)

Set parameter IntegralityFocus to value 1
Set parameter TimeLimit to value 7200
Set parameter IntegralityFocus to value 1
Set parameter IntegralityFocus to value 1
Set parameter IntegralityFocus to value 1
Set parameter IntegralityFocus to value 1
Set parameter IntegralityFocus to value 1

Net = 1, Budget = 96, Rate = 0.4


Can only remove Victims!

Only 1 PF Point:
PF Point (Opt, Pes) = (36, 72)

Set parameter IntegralityFocus to value 1
Set parameter TimeLimit to value 7200
Set parameter IntegralityFocus to value 1
Set parameter IntegralityFocus to value 1
Set parameter IntegralityFocus to value 1
Set parameter IntegralityFocus to value 1
Set parameter IntegralityFocus to value 1

Net = 1, Budget = 96, Rate = 0.7


Can only remove Victims!

Only 1 PF Point:
PF Point (Opt, Pes) = (55, 72)

Set parameter IntegralityFocus to value 1
Set parameter TimeLimit to value 7200
Set parameter IntegralityFocus to value 1
Set parameter IntegralityFocus to value 1
Set parameter IntegralityFocus to value 1
Set parameter IntegralityFocus to value 1
Set parameter IntegralityFocus to value 1

Net = 1, Budget = 96, Rate = 1


Can only remove Victims!

Only 1 PF Point:
PF Point (Opt, Pes) = (72, 72)

