Set parameter TokenServer to value "license8.clemson.edu"
Set parameter IntegralityFocus to value 1
Set parameter TimeLimit to value 7200
Set parameter IntegralityFocus to value 1
Set parameter IntegralityFocus to value 1
Set parameter IntegralityFocus to value 1
Set parameter IntegralityFocus to value 1
Set parameter IntegralityFocus to value 1

Net = 1, Budget = 64, Rate = 0.1


Can only remove Traffickers!

Only 1 PF Point:
PF Point (Opt, Pes) = (12, 53)

Set parameter IntegralityFocus to value 1
Set parameter TimeLimit to value 7200
Set parameter IntegralityFocus to value 1
Set parameter IntegralityFocus to value 1
Set parameter IntegralityFocus to value 1
Set parameter IntegralityFocus to value 1
Set parameter IntegralityFocus to value 1

Net = 1, Budget = 64, Rate = 0.4


Can only remove Traffickers!

Only 1 PF Point:
PF Point (Opt, Pes) = (27, 53)

Set parameter IntegralityFocus to value 1
Set parameter TimeLimit to value 7200
Set parameter IntegralityFocus to value 1
Set parameter IntegralityFocus to value 1
Set parameter IntegralityFocus to value 1
Set parameter IntegralityFocus to value 1
Set parameter IntegralityFocus to value 1

Net = 1, Budget = 64, Rate = 0.7


Can only remove Traffickers!

Only 1 PF Point:
PF Point (Opt, Pes) = (45, 53)

Set parameter IntegralityFocus to value 1
Set parameter TimeLimit to value 7200
Set parameter IntegralityFocus to value 1
Set parameter IntegralityFocus to value 1
Set parameter IntegralityFocus to value 1
Set parameter IntegralityFocus to value 1
Set parameter IntegralityFocus to value 1

Net = 1, Budget = 64, Rate = 1


Can only remove Traffickers!

Only 1 PF Point:
PF Point (Opt, Pes) = (53, 53)

Set parameter IntegralityFocus to value 1
Set parameter TimeLimit to value 7200
Set parameter IntegralityFocus to value 1
Set parameter IntegralityFocus to value 1
Set parameter IntegralityFocus to value 1
Set parameter IntegralityFocus to value 1
Set parameter IntegralityFocus to value 1

Net = 1, Budget = 72, Rate = 0.1


Can only remove Traffickers!

Only 1 PF Point:
PF Point (Opt, Pes) = (11, 47)

Set parameter IntegralityFocus to value 1
Set parameter TimeLimit to value 7200
Set parameter IntegralityFocus to value 1
Set parameter IntegralityFocus to value 1
Set parameter IntegralityFocus to value 1
Set parameter IntegralityFocus to value 1
Set parameter IntegralityFocus to value 1

Net = 1, Budget = 72, Rate = 0.4


Can only remove Traffickers!

Only 1 PF Point:
PF Point (Opt, Pes) = (24, 47)

Set parameter IntegralityFocus to value 1
Set parameter TimeLimit to value 7200
Set parameter IntegralityFocus to value 1
Set parameter IntegralityFocus to value 1
Set parameter IntegralityFocus to value 1
Set parameter IntegralityFocus to value 1
Set parameter IntegralityFocus to value 1

Net = 1, Budget = 72, Rate = 0.7


Can only remove Traffickers!

Only 1 PF Point:
PF Point (Opt, Pes) = (40, 47)

Set parameter IntegralityFocus to value 1
Set parameter TimeLimit to value 7200
Set parameter IntegralityFocus to value 1
Set parameter IntegralityFocus to value 1
Set parameter IntegralityFocus to value 1
Set parameter IntegralityFocus to value 1
Set parameter IntegralityFocus to value 1

Net = 1, Budget = 72, Rate = 1


Can only remove Traffickers!

Only 1 PF Point:
PF Point (Opt, Pes) = (47, 47)

Set parameter IntegralityFocus to value 1
Set parameter TimeLimit to value 7200
Set parameter IntegralityFocus to value 1
Set parameter IntegralityFocus to value 1
Set parameter IntegralityFocus to value 1
Set parameter IntegralityFocus to value 1
Set parameter IntegralityFocus to value 1

Net = 1, Budget = 80, Rate = 0.1


Can only remove Traffickers!

Only 1 PF Point:
PF Point (Opt, Pes) = (10, 41)

Set parameter IntegralityFocus to value 1
Set parameter TimeLimit to value 7200
Set parameter IntegralityFocus to value 1
Set parameter IntegralityFocus to value 1
Set parameter IntegralityFocus to value 1
Set parameter IntegralityFocus to value 1
Set parameter IntegralityFocus to value 1

Net = 1, Budget = 80, Rate = 0.4


Can only remove Traffickers!

Only 1 PF Point:
PF Point (Opt, Pes) = (21, 41)

Set parameter IntegralityFocus to value 1
Set parameter TimeLimit to value 7200
Set parameter IntegralityFocus to value 1
Set parameter IntegralityFocus to value 1
Set parameter IntegralityFocus to value 1
Set parameter IntegralityFocus to value 1
Set parameter IntegralityFocus to value 1

Net = 1, Budget = 80, Rate = 0.7


Can only remove Traffickers!

Only 1 PF Point:
PF Point (Opt, Pes) = (35, 41)

Set parameter IntegralityFocus to value 1
Set parameter TimeLimit to value 7200
Set parameter IntegralityFocus to value 1
Set parameter IntegralityFocus to value 1
Set parameter IntegralityFocus to value 1
Set parameter IntegralityFocus to value 1
Set parameter IntegralityFocus to value 1

Net = 1, Budget = 80, Rate = 1


Can only remove Traffickers!

Only 1 PF Point:
PF Point (Opt, Pes) = (41, 41)

Set parameter IntegralityFocus to value 1
Set parameter TimeLimit to value 7200
Set parameter IntegralityFocus to value 1
Set parameter IntegralityFocus to value 1
Set parameter IntegralityFocus to value 1
Set parameter IntegralityFocus to value 1
Set parameter IntegralityFocus to value 1

Net = 1, Budget = 88, Rate = 0.1


Can only remove Traffickers!

Only 1 PF Point:
PF Point (Opt, Pes) = (9, 35)

Set parameter IntegralityFocus to value 1
Set parameter TimeLimit to value 7200
Set parameter IntegralityFocus to value 1
Set parameter IntegralityFocus to value 1
Set parameter IntegralityFocus to value 1
Set parameter IntegralityFocus to value 1
Set parameter IntegralityFocus to value 1

Net = 1, Budget = 88, Rate = 0.4


Can only remove Traffickers!

Only 1 PF Point:
PF Point (Opt, Pes) = (18, 35)

Set parameter IntegralityFocus to value 1
Set parameter TimeLimit to value 7200
Set parameter IntegralityFocus to value 1
Set parameter IntegralityFocus to value 1
Set parameter IntegralityFocus to value 1
Set parameter IntegralityFocus to value 1
Set parameter IntegralityFocus to value 1

Net = 1, Budget = 88, Rate = 0.7


Can only remove Traffickers!

Only 1 PF Point:
PF Point (Opt, Pes) = (30, 35)

Set parameter IntegralityFocus to value 1
Set parameter TimeLimit to value 7200
Set parameter IntegralityFocus to value 1
Set parameter IntegralityFocus to value 1
Set parameter IntegralityFocus to value 1
Set parameter IntegralityFocus to value 1
Set parameter IntegralityFocus to value 1

Net = 1, Budget = 88, Rate = 1


Can only remove Traffickers!

Only 1 PF Point:
PF Point (Opt, Pes) = (35, 35)

Set parameter IntegralityFocus to value 1
Set parameter TimeLimit to value 7200
Set parameter IntegralityFocus to value 1
Set parameter IntegralityFocus to value 1
Set parameter IntegralityFocus to value 1
Set parameter IntegralityFocus to value 1
Set parameter IntegralityFocus to value 1

Net = 1, Budget = 96, Rate = 0.1


Can only remove Traffickers!

Only 1 PF Point:
PF Point (Opt, Pes) = (8, 29)

Set parameter IntegralityFocus to value 1
Set parameter TimeLimit to value 7200
Set parameter IntegralityFocus to value 1
Set parameter IntegralityFocus to value 1
Set parameter IntegralityFocus to value 1
Set parameter IntegralityFocus to value 1
Set parameter IntegralityFocus to value 1

Net = 1, Budget = 96, Rate = 0.4


Can only remove Traffickers!

Only 1 PF Point:
PF Point (Opt, Pes) = (15, 29)

Set parameter IntegralityFocus to value 1
Set parameter TimeLimit to value 7200
Set parameter IntegralityFocus to value 1
Set parameter IntegralityFocus to value 1
Set parameter IntegralityFocus to value 1
Set parameter IntegralityFocus to value 1
Set parameter IntegralityFocus to value 1

Net = 1, Budget = 96, Rate = 0.7


Can only remove Traffickers!

Only 1 PF Point:
PF Point (Opt, Pes) = (25, 29)

Set parameter IntegralityFocus to value 1
Set parameter TimeLimit to value 7200
Set parameter IntegralityFocus to value 1
Set parameter IntegralityFocus to value 1
Set parameter IntegralityFocus to value 1
Set parameter IntegralityFocus to value 1
Set parameter IntegralityFocus to value 1

Net = 1, Budget = 96, Rate = 1


Can only remove Traffickers!

Only 1 PF Point:
PF Point (Opt, Pes) = (29, 29)

